Sep 12 13:27:24.811643 opbd[615970:616219:0:0]: phyOpb::Module            > Module[0xf141b758] with servantTraits
Sep 12 13:27:24.811658 opbd[615970:616219:0:0]: phyOpb::Module            D problemList 0, 0
Sep 12 13:27:24.811661 opbd[615970:616219:0:0]: phyOpb::Module            < Module[0xf141b758]
Sep 12 13:27:24.811664 opbd[615970:616219:0:0]: facadeObj::phytm400enbq::Module > Module[0xf141b758]
Sep 12 13:27:24.811665 opbd[615970:616219:0:0]: facadeObj::phytm400enbq::Module < Module[0xf141b758]
Sep 12 13:27:24.811669 opbd[615970:616219:0:0]: phyOpb::Module            > SetRedundancySide[0xf141b758] undefined
Sep 12 13:27:24.811671 opbd[615970:616219:0:0]: phyOpb::Module            D RADM feature is supported by PhyPizzaBox Module only
Sep 12 13:27:24.811672 opbd[615970:616219:0:0]: phyOpb::Module            < SetRedundancySide[0xf141b758]
Sep 12 13:27:24.811674 opbd[615970:616219:0:0]: phyOpb::Module            > Init[0xf141b758]
Sep 12 13:27:24.812185 opbd[615970:616219:0:0]: phyOpb::Module            > _GetChassis u0
Sep 12 13:27:24.812495 opbd[615970:616219:0:0]: phyOpb::Module            < _GetChassis
Sep 12 13:27:24.812655 opbd[615970:616219:0:0]: phyOpb::Module            D Before: Equipment match : true slot-id: u0
Sep 12 13:27:24.812766 opbd[615970:616219:0:0]: phyOpb::Module            > _SetEquipMatched[0xf141b758] true
Sep 12 13:27:24.812770 opbd[615970:616219:0:0]: phyOpb::Module            < _SetEquipMatched[0xf141b758] true
Sep 12 13:27:24.812772 opbd[615970:616219:0:0]: phyOpb::Module            D After: Equipment match : true slot-id: u0
Sep 12 13:27:24.812781 opbd[615970:616219:0:0]: phyOpb::Module            > _RegisterForNotifications[0xf141b758]
Sep 12 13:27:24.812782 opbd[615970:616219:0:0]: phyOpb::Module            > _GetHolderMsfObjectId[0xf141b758]
Sep 12 13:27:24.812790 opbd[615970:616219:0:0]: phyOpb::Module            < _GetHolderMsfObjectId[0xf141b758] [MSF_EQPT_HOLDER_CLASS(1500) Group(General) Slot(3) ]
Sep 12 13:27:24.812795 opbd[615970:616219:0:0]: facadeObj::phytm400enbq::Module > _GetBoardMsfObjectId[0xf141b758]
Sep 12 13:27:24.812797 opbd[615970:616219:0:0]: phyOpb::Module            > GetSlotId[0xf141b758]
Sep 12 13:27:24.812799 opbd[615970:616219:0:0]: phyOpb::Module            < GetSlotId[0xf141b758] slot: u0
Sep 12 13:27:24.812801 opbd[615970:616219:0:0]: facadeObj::phytm400enbq::Module < _GetBoardMsfObjectId[0xf141b758] [MSF_TM400ENB_EQPT_CLASS(1354) Group(General) Slot(3) ]
Sep 12 13:27:24.812804 opbd[615970:616219:0:0]: phyOpb::Module            < _RegisterForNotifications[0xf141b758]
Sep 12 13:27:24.812806 opbd[615970:616219:0:0]: phyOpb::Module            > IsDataSupported[0xf141b758]
Sep 12 13:27:24.812807 opbd[615970:616219:0:0]: phyOpb::Module            < IsDataSupported[0xf141b758]  false
Sep 12 13:27:24.812808 opbd[615970:616219:0:0]: phyOpb::Module            > IsDataSupported[0xf141b758]
Sep 12 13:27:24.812809 opbd[615970:616219:0:0]: phyOpb::Module            < IsDataSupported[0xf141b758]  false
Sep 12 13:27:24.812812 opbd[615970:616219:0:0]: phyOpb::Module            > InitializeCard[0xf141b758]
Sep 12 13:27:24.812841 opbd[615970:616219:0:0]: phyOpb::Module            > GetSlotId[0xf141b758]
Sep 12 13:27:24.812842 opbd[615970:616219:0:0]: phyOpb::Module            < GetSlotId[0xf141b758] slot: u0
Sep 12 13:27:24.812850 opbd[615970:616219:0:0]: phyOpb::Module            > GetSlotId[0xf141b758]
Sep 12 13:27:24.812851 opbd[615970:616219:0:0]: phyOpb::Module            < GetSlotId[0xf141b758] slot: u0
Sep 12 13:27:24.812855 opbd[615970:616219:0:0]: phyOpb::Module            > BePartOfTransaction[0xf141b758]
Sep 12 13:27:24.812856 opbd[615970:616219:0:0]: facadeObj::phytm400enbq::Module > _GetBoardMsfObjectId[0xf141b758]
Sep 12 13:27:24.812857 opbd[615970:616219:0:0]: phyOpb::Module            > GetSlotId[0xf141b758]
Sep 12 13:27:24.812858 opbd[615970:616219:0:0]: phyOpb::Module            < GetSlotId[0xf141b758] slot: u0
Sep 12 13:27:24.812860 opbd[615970:616219:0:0]: facadeObj::phytm400enbq::Module < _GetBoardMsfObjectId[0xf141b758] [MSF_TM400ENB_EQPT_CLASS(1354) Group(General) Slot(3) ]
Sep 12 13:27:24.812866 opbd[615970:616219:0:0]: phyOpb::Module            > _GetHolderMsfObjectId[0xf141b758]
Sep 12 13:27:24.812868 opbd[615970:616219:0:0]: phyOpb::Module            < _GetHolderMsfObjectId[0xf141b758] [MSF_EQPT_HOLDER_CLASS(1500) Group(General) Slot(3) ]
Sep 12 13:27:24.812870 opbd[615970:616219:0:0]: phyOpb::Module            D holderId = [MSF_EQPT_HOLDER_CLASS(1500) Group(General) Slot(3) ]
Sep 12 13:27:24.812876 opbd[615970:616219:0:0]: phyOpb::Module            < BePartOfTransaction[0xf141b758]
Sep 12 13:27:24.812877 opbd[615970:616219:0:0]: phyOpb::Module            > _ConfigSinglesForInit[0xf141b758]
Sep 12 13:27:24.812886 opbd[615970:616219:0:0]: phyOpb::Module            D Cpu Threshold 90
Sep 12 13:27:24.812887 opbd[615970:616219:0:0]: phyOpb::Module            D Memory Threshold 90
Sep 12 13:27:24.812888 opbd[615970:616219:0:0]: phyOpb::Module            < _ConfigSinglesForInit[0xf141b758]
Sep 12 13:27:24.812892 opbd[615970:616219:0:0]: phyOpb::Module            > OoSubmitChanges[0xf141b758]
Sep 12 13:27:24.812894 opbd[615970:616219:0:0]: phyOpb::Module            < OoSubmitChanges[0xf141b758]
Sep 12 13:27:24.812906 opbd[615970:616219:0:0]: phyOpb::Module            > GetSlotId[0xf141b758]
Sep 12 13:27:24.812907 opbd[615970:616219:0:0]: phyOpb::Module            < GetSlotId[0xf141b758] slot: u0
Sep 12 13:27:24.812920 opbd[615970:616219:0:0]: phyOpb::Module            > _InitializeCard[0xf141b758] Empty base implementation
Sep 12 13:27:24.812922 opbd[615970:616219:0:0]: phyOpb::Module            < _InitializeCard[0xf141b758]
Sep 12 13:27:24.812923 opbd[615970:616219:0:0]: phyOpb::Module            < InitializeCard[0xf141b758]
Sep 12 13:27:24.812941 opbd[615970:616219:0:0]: phyOpb::Module            > GetSlotId[0xf141b758]
Sep 12 13:27:24.812943 opbd[615970:616219:0:0]: phyOpb::Module            < GetSlotId[0xf141b758] slot: u0
Sep 12 13:27:24.812946 opbd[615970:616219:0:0]: phyOpb::Module            > GetSlotId[0xf141b758]
Sep 12 13:27:24.812947 opbd[615970:616219:0:0]: phyOpb::Module            < GetSlotId[0xf141b758] slot: u0
Sep 12 13:27:24.812950 opbd[615970:616219:0:0]: phyOpb::Module            > BePartOfTransaction[0xf141b758]
Sep 12 13:27:24.812951 opbd[615970:616219:0:0]: facadeObj::phytm400enbq::Module > _GetBoardMsfObjectId[0xf141b758]
Sep 12 13:27:24.812952 opbd[615970:616219:0:0]: phyOpb::Module            > GetSlotId[0xf141b758]
Sep 12 13:27:24.812954 opbd[615970:616219:0:0]: phyOpb::Module            < GetSlotId[0xf141b758] slot: u0
Sep 12 13:27:24.812955 opbd[615970:616219:0:0]: facadeObj::phytm400enbq::Module < _GetBoardMsfObjectId[0xf141b758] [MSF_TM400ENB_EQPT_CLASS(1354) Group(General) Slot(3) ]
Sep 12 13:27:24.812958 opbd[615970:616219:0:0]: phyOpb::Module            > _GetHolderMsfObjectId[0xf141b758]
Sep 12 13:27:24.812959 opbd[615970:616219:0:0]: phyOpb::Module            < _GetHolderMsfObjectId[0xf141b758] [MSF_EQPT_HOLDER_CLASS(1500) Group(General) Slot(3) ]
Sep 12 13:27:24.812961 opbd[615970:616219:0:0]: phyOpb::Module            D holderId = [MSF_EQPT_HOLDER_CLASS(1500) Group(General) Slot(3) ]
Sep 12 13:27:24.812964 opbd[615970:616219:0:0]: phyOpb::Module            < BePartOfTransaction[0xf141b758]
Sep 12 13:27:24.812965 opbd[615970:616219:0:0]: phyOpb::Module            > _ConfigSinglesForInit[0xf141b758]
Sep 12 13:27:24.812968 opbd[615970:616219:0:0]: phyOpb::Module            D Cpu Threshold 90
Sep 12 13:27:24.812969 opbd[615970:616219:0:0]: phyOpb::Module            D Memory Threshold 90
Sep 12 13:27:24.812970 opbd[615970:616219:0:0]: phyOpb::Module            < _ConfigSinglesForInit[0xf141b758]
Sep 12 13:27:24.812972 opbd[615970:616219:0:0]: phyOpb::Module            > OoSubmitChanges[0xf141b758]
Sep 12 13:27:24.812973 opbd[615970:616219:0:0]: phyOpb::Module            < OoSubmitChanges[0xf141b758]
Sep 12 13:27:24.812977 opbd[615970:616219:0:0]: phyOpb::Module            > GetSlotId[0xf141b758]
Sep 12 13:27:24.812978 opbd[615970:616219:0:0]: phyOpb::Module            < GetSlotId[0xf141b758] slot: u0
Sep 12 13:27:24.812980 opbd[615970:616219:0:0]: phyOpb::Module            > GetSlotId[0xf141b758]
Sep 12 13:27:24.812981 opbd[615970:616219:0:0]: phyOpb::Module            < GetSlotId[0xf141b758] slot: u0
Sep 12 13:27:24.812983 opbd[615970:616219:0:0]: phyOpb::Module            > CreateChildren[0xf141b758]
Sep 12 13:27:24.812985 opbd[615970:616219:0:0]: phyOpb::Module            > _CreateChildren[0xf141b758] SlotId = u0, cardId = tm400enbq-m
Sep 12 13:27:24.812986 opbd[615970:616219:0:0]: phyOpb::Module            > GetSlotId[0xf141b758]
Sep 12 13:27:24.812987 opbd[615970:616219:0:0]: phyOpb::Module            < GetSlotId[0xf141b758] slot: u0
Sep 12 13:27:24.812989 opbd[615970:616219:0:0]: phyOpb::Module            > _GetNumPorts[0xf141b758]
Sep 12 13:27:24.812990 opbd[615970:616219:0:0]: phyOpb::Module            < _GetNumPorts[0xf141b758] _GetNumPorts = 37
Sep 12 13:27:24.812991 opbd[615970:616219:0:0]: phyOpb::Module            D numPorts = 37
Sep 12 13:27:24.825233 opbd[615970:616435:0:0]: opbd::TransactionManager  A _SendConfigurationToAm 752Fri Sep 12 13:27:24 2025.825207000 PERFORMANCE SendConfig to STAM Tid: 85 ObjId : [MSF_EQPT_HOLDER_CLASS(1500) Group(General) Slot(3) ]
Sep 12 13:27:24.825551 opbd[615970:616435:0:0]: opbd::TransactionManager  A _SendConfigurationToAm 752Fri Sep 12 13:27:24 2025.825527000 PERFORMANCE SendConfig to STAM Tid: 85 ObjId : [MSF_TM400ENB_EQPT_CLASS(1354) Group(General) Slot(3) ]
Sep 12 13:27:24.825657 opbd[615970:616435:0:0]: opbd::TransactionManager  A _SendConfigurationToAm 752Fri Sep 12 13:27:24 2025.825646000 PERFORMANCE SendConfig to STAM Tid: 85 ObjId : [MSF_CERT_MANAGER_CLASS(1143) Group(General) Slot(3) ]
Sep 12 13:27:24.825768 opbd[615970:616435:0:0]: opbd::TransactionManager  A _SendConfigurationToAm 752Fri Sep 12 13:27:24 2025.825758000 PERFORMANCE SendConfig to STAM Tid: 85 ObjId : [MSF_RANNUM_ENGINE_CLASS(1145) Group(General) Slot(3) ]
Sep 12 13:27:24.825978 opbd[615970:616435:0:0]: opbd::TransactionManager  A _SendConfigurationToAm 752Fri Sep 12 13:27:24 2025.825953000 PERFORMANCE SendConfig to STAM Tid: 86 ObjId : [MSF_EQPT_HOLDER_CLASS(1500) Group(General) Slot(3) ]
Sep 12 13:27:24.826051 opbd[615970:616435:0:0]: opbd::TransactionManager  A _SendConfigurationToAm 752Fri Sep 12 13:27:24 2025.826042000 PERFORMANCE SendConfig to STAM Tid: 86 ObjId : [MSF_TM400ENB_EQPT_CLASS(1354) Group(General) Slot(3) ]
Sep 12 13:27:24.826134 opbd[615970:616435:0:0]: opbd::TransactionManager  A _SendConfigurationToAm 752Fri Sep 12 13:27:24 2025.826119000 PERFORMANCE SendConfig to STAM Tid: 86 ObjId : [MSF_CERT_MANAGER_CLASS(1143) Group(General) Slot(3) ]
Sep 12 13:27:24.826201 opbd[615970:616435:0:0]: opbd::TransactionManager  A _SendConfigurationToAm 752Fri Sep 12 13:27:24 2025.826193000 PERFORMANCE SendConfig to STAM Tid: 86 ObjId : [MSF_RANNUM_ENGINE_CLASS(1145) Group(General) Slot(3) ]
Sep 12 13:27:24.826384 opbd[615970:616435:0:0]: opbd::TransactionManager  A _SendConfigurationToAm 752Fri Sep 12 13:27:24 2025.826374000 PERFORMANCE SendConfig to STAM Tid: 87 ObjId : [MSF_EQPT_HOLDER_CLASS(1500) Group(General) Slot(3) Level0(0) ]
Sep 12 13:27:24.826646 opbd[615970:616435:0:0]: opbd::TransactionManager  A _SendConfigurationToAm 752Fri Sep 12 13:27:24 2025.826630000 PERFORMANCE SendConfig to STAM Tid: 88 ObjId : [MSF_EQPT_HOLDER_CLASS(1500) Group(General) Slot(3) Level0(1) ]
Sep 12 13:27:24.826886 opbd[615970:616435:0:0]: opbd::TransactionManager  A _SendConfigurationToAm 752Fri Sep 12 13:27:24 2025.826874000 PERFORMANCE SendConfig to STAM Tid: 89 ObjId : [MSF_EQPT_HOLDER_CLASS(1500) Group(General) Slot(3) Level0(2) ]
Sep 12 13:27:24.827109 opbd[615970:616435:0:0]: opbd::TransactionManager  A _SendConfigurationToAm 752Fri Sep 12 13:27:24 2025.827098000 PERFORMANCE SendConfig to STAM Tid: 90 ObjId : [MSF_EQPT_HOLDER_CLASS(1500) Group(General) Slot(3) Level0(3) ]
Sep 12 13:27:24.827338 opbd[615970:616435:0:0]: opbd::TransactionManager  A _SendConfigurationToAm 752Fri Sep 12 13:27:24 2025.827327000 PERFORMANCE SendConfig to STAM Tid: 91 ObjId : [MSF_EQPT_HOLDER_CLASS(1500) Group(General) Slot(3) Level0(4) ]
Sep 12 13:27:24.827599 opbd[615970:616435:0:0]: opbd::TransactionManager  A _SendConfigurationToAm 752Fri Sep 12 13:27:24 2025.827587000 PERFORMANCE SendConfig to STAM Tid: 92 ObjId : [MSF_EQPT_HOLDER_CLASS(1500) Group(General) Slot(3) Level0(5) ]
Sep 12 13:27:24.829560 opbd[615970:616435:0:0]: opbd::TransactionManager  A _SendConfigurationToAm 752Fri Sep 12 13:27:24 2025.829542000 PERFORMANCE SendConfig to STAM Tid: 93 ObjId : [MSF_EQPT_HOLDER_CLASS(1500) Group(General) Slot(3) Level0(6) ]
Sep 12 13:27:24.829846 opbd[615970:616435:0:0]: opbd::TransactionManager  A _SendConfigurationToAm 752Fri Sep 12 13:27:24 2025.829833000 PERFORMANCE SendConfig to STAM Tid: 94 ObjId : [MSF_EQPT_HOLDER_CLASS(1500) Group(General) Slot(3) Level0(7) ]
Sep 12 13:27:24.830080 opbd[615970:616435:0:0]: opbd::TransactionManager  A _SendConfigurationToAm 752Fri Sep 12 13:27:24 2025.830064000 PERFORMANCE SendConfig to STAM Tid: 95 ObjId : [MSF_EQPT_HOLDER_CLASS(1500) Group(General) Slot(3) Level0(8) ]
Sep 12 13:27:24.830311 opbd[615970:616435:0:0]: opbd::TransactionManager  A _SendConfigurationToAm 752Fri Sep 12 13:27:24 2025.830299000 PERFORMANCE SendConfig to STAM Tid: 96 ObjId : [MSF_EQPT_HOLDER_CLASS(1500) Group(General) Slot(3) Level0(9) ]
Sep 12 13:27:24.830547 opbd[615970:616435:0:0]: opbd::TransactionManager  A _SendConfigurationToAm 752Fri Sep 12 13:27:24 2025.830531000 PERFORMANCE SendConfig to STAM Tid: 97 ObjId : [MSF_EQPT_HOLDER_CLASS(1500) Group(General) Slot(3) Level0(10) ]
Sep 12 13:27:24.830800 opbd[615970:616435:0:0]: opbd::TransactionManager  A _SendConfigurationToAm 752Fri Sep 12 13:27:24 2025.830789000 PERFORMANCE SendConfig to STAM Tid: 98 ObjId : [MSF_EQPT_HOLDER_CLASS(1500) Group(General) Slot(3) Level0(11) ]
Sep 12 13:27:24.831032 opbd[615970:616435:0:0]: opbd::TransactionManager  A _SendConfigurationToAm 752Fri Sep 12 13:27:24 2025.831021000 PERFORMANCE SendConfig to STAM Tid: 99 ObjId : [MSF_EQPT_HOLDER_CLASS(1500) Group(General) Slot(3) Level0(12) ]
Sep 12 13:27:24.831260 opbd[615970:616435:0:0]: opbd::TransactionManager  A _SendConfigurationToAm 752Fri Sep 12 13:27:24 2025.831249000 PERFORMANCE SendConfig to STAM Tid: 100 ObjId : [MSF_EQPT_HOLDER_CLASS(1500) Group(General) Slot(3) Level0(13) ]
Sep 12 13:27:24.831480 opbd[615970:616435:0:0]: opbd::TransactionManager  A _SendConfigurationToAm 752Fri Sep 12 13:27:24 2025.831469000 PERFORMANCE SendConfig to STAM Tid: 101 ObjId : [MSF_EQPT_HOLDER_CLASS(1500) Group(General) Slot(3) Level0(14) ]
Sep 12 13:27:24.831734 opbd[615970:616435:0:0]: opbd::TransactionManager  A _SendConfigurationToAm 752Fri Sep 12 13:27:24 2025.831717000 PERFORMANCE SendConfig to STAM Tid: 102 ObjId : [MSF_EQPT_HOLDER_CLASS(1500) Group(General) Slot(3) Level0(15) ]
Sep 12 13:27:24.831961 opbd[615970:616435:0:0]: opbd::TransactionManager  A _SendConfigurationToAm 752Fri Sep 12 13:27:24 2025.831951000 PERFORMANCE SendConfig to STAM Tid: 103 ObjId : [MSF_EQPT_HOLDER_CLASS(1500) Group(General) Slot(3) Level0(16) ]
Sep 12 13:27:24.832181 opbd[615970:616435:0:0]: opbd::TransactionManager  A _SendConfigurationToAm 752Fri Sep 12 13:27:24 2025.832171000 PERFORMANCE SendConfig to STAM Tid: 104 ObjId : [MSF_EQPT_HOLDER_CLASS(1500) Group(General) Slot(3) Level0(17) ]
Sep 12 13:27:24.833674 opbd[615970:616435:0:0]: opbd::TransactionManager  A _SendConfigurationToAm 752Fri Sep 12 13:27:24 2025.833659000 PERFORMANCE SendConfig to STAM Tid: 105 ObjId : [MSF_EQPT_HOLDER_CLASS(1500) Group(General) Slot(3) Level0(18) ]
Sep 12 13:27:24.833957 opbd[615970:616435:0:0]: opbd::TransactionManager  A _SendConfigurationToAm 752Fri Sep 12 13:27:24 2025.833944000 PERFORMANCE SendConfig to STAM Tid: 106 ObjId : [MSF_EQPT_HOLDER_CLASS(1500) Group(General) Slot(3) Level0(19) ]
Sep 12 13:27:24.834194 opbd[615970:616435:0:0]: opbd::TransactionManager  A _SendConfigurationToAm 752Fri Sep 12 13:27:24 2025.834182000 PERFORMANCE SendConfig to STAM Tid: 107 ObjId : [MSF_EQPT_HOLDER_CLASS(1500) Group(General) Slot(3) Level0(20) ]
Sep 12 13:27:24.834417 opbd[615970:616435:0:0]: opbd::TransactionManager  A _SendConfigurationToAm 752Fri Sep 12 13:27:24 2025.834406000 PERFORMANCE SendConfig to STAM Tid: 108 ObjId : [MSF_EQPT_HOLDER_CLASS(1500) Group(General) Slot(3) Level0(21) ]
Sep 12 13:27:24.834694 opbd[615970:616435:0:0]: opbd::TransactionManager  A _SendConfigurationToAm 752Fri Sep 12 13:27:24 2025.834677000 PERFORMANCE SendConfig to STAM Tid: 109 ObjId : [MSF_EQPT_HOLDER_CLASS(1500) Group(General) Slot(3) Level0(22) ]
Sep 12 13:27:24.834927 opbd[615970:616435:0:0]: opbd::TransactionManager  A _SendConfigurationToAm 752Fri Sep 12 13:27:24 2025.834917000 PERFORMANCE SendConfig to STAM Tid: 110 ObjId : [MSF_EQPT_HOLDER_CLASS(1500) Group(General) Slot(3) Level0(23) ]
Sep 12 13:27:24.835146 opbd[615970:616435:0:0]: opbd::TransactionManager  A _SendConfigurationToAm 752Fri Sep 12 13:27:24 2025.835135000 PERFORMANCE SendConfig to STAM Tid: 111 ObjId : [MSF_EQPT_HOLDER_CLASS(1500) Group(General) Slot(3) Level0(24) ]
Sep 12 13:27:24.835373 opbd[615970:616435:0:0]: opbd::TransactionManager  A _SendConfigurationToAm 752Fri Sep 12 13:27:24 2025.835361000 PERFORMANCE SendConfig to STAM Tid: 112 ObjId : [MSF_EQPT_HOLDER_CLASS(1500) Group(General) Slot(3) Level0(25) ]
Sep 12 13:27:24.835589 opbd[615970:616435:0:0]: opbd::TransactionManager  A _SendConfigurationToAm 752Fri Sep 12 13:27:24 2025.835579000 PERFORMANCE SendConfig to STAM Tid: 113 ObjId : [MSF_EQPT_HOLDER_CLASS(1500) Group(General) Slot(3) Level0(26) ]
Sep 12 13:27:24.835843 opbd[615970:616435:0:0]: opbd::TransactionManager  A _SendConfigurationToAm 752Fri Sep 12 13:27:24 2025.835832000 PERFORMANCE SendConfig to STAM Tid: 114 ObjId : [MSF_EQPT_HOLDER_CLASS(1500) Group(General) Slot(3) Level0(27) ]
Sep 12 13:27:24.836073 opbd[615970:616435:0:0]: opbd::TransactionManager  A _SendConfigurationToAm 752Fri Sep 12 13:27:24 2025.836061000 PERFORMANCE SendConfig to STAM Tid: 115 ObjId : [MSF_EQPT_HOLDER_CLASS(1500) Group(General) Slot(3) Level0(28) ]
Sep 12 13:27:24.836295 opbd[615970:616435:0:0]: opbd::TransactionManager  A _SendConfigurationToAm 752Fri Sep 12 13:27:24 2025.836285000 PERFORMANCE SendConfig to STAM Tid: 116 ObjId : [MSF_EQPT_HOLDER_CLASS(1500) Group(General) Slot(3) Level0(29) ]
Sep 12 13:27:24.836519 opbd[615970:616435:0:0]: opbd::TransactionManager  A _SendConfigurationToAm 752Fri Sep 12 13:27:24 2025.836509000 PERFORMANCE SendConfig to STAM Tid: 117 ObjId : [MSF_EQPT_HOLDER_CLASS(1500) Group(General) Slot(3) Level0(30) ]
Sep 12 13:27:24.836787 opbd[615970:616435:0:0]: opbd::TransactionManager  A _SendConfigurationToAm 752Fri Sep 12 13:27:24 2025.836776000 PERFORMANCE SendConfig to STAM Tid: 118 ObjId : [MSF_EQPT_HOLDER_CLASS(1500) Group(General) Slot(3) Level0(31) ]
Sep 12 13:27:24.837016 opbd[615970:616435:0:0]: opbd::TransactionManager  A _SendConfigurationToAm 752Fri Sep 12 13:27:24 2025.837005000 PERFORMANCE SendConfig to STAM Tid: 119 ObjId : [MSF_EQPT_HOLDER_CLASS(1500) Group(General) Slot(3) Level0(32) ]
Sep 12 13:27:24.838110 opbd[615970:616219:0:0]: phyOpb::Module            < _CreateChildren[0xf141b758] Finished Creating Children for Slot: u0, cardId: tm400enbq-m
Sep 12 13:27:24.838163 opbd[615970:616219:0:0]: phyOpb::Module            < CreateChildren[0xf141b758]
Sep 12 13:27:24.838193 opbd[615970:616219:0:0]: phyOpb::Module            > _RegisterInternal[0xf141b758]
Sep 12 13:27:24.838221 opbd[615970:616219:0:0]: phyOpb::Module            < _RegisterInternal[0xf141b758]
Sep 12 13:27:24.838246 opbd[615970:616219:0:0]: phyOpb::Module            > _RegisterExternal[0xf141b758]
Sep 12 13:27:24.847547 opbd[615970:616434:0:0]: opbd::TransactionManager  A _SendConfigurationToAm 752Fri Sep 12 13:27:24 2025.847527000 PERFORMANCE SendConfig to STAM Tid: 120 ObjId : [MSF_EQPT_HOLDER_CLASS(1500) Group(General) Slot(3) Level0(33) ]
Sep 12 13:27:24.847576 opbd[615970:616434:0:0]: opbd::TransactionManager  A _SendConfigurationToAm 752Fri Sep 12 13:27:24 2025.847570000 PERFORMANCE SendConfig to STAM Tid: 121 ObjId : [MSF_EQPT_HOLDER_CLASS(1500) Group(General) Slot(3) Level0(34) ]
Sep 12 13:27:24.847606 opbd[615970:616434:0:0]: opbd::TransactionManager  A _SendConfigurationToAm 752Fri Sep 12 13:27:24 2025.847599000 PERFORMANCE SendConfig to STAM Tid: 122 ObjId : [MSF_EQPT_HOLDER_CLASS(1500) Group(General) Slot(3) Level0(35) ]
Sep 12 13:27:24.847628 opbd[615970:616434:0:0]: opbd::TransactionManager  A _SendConfigurationToAm 752Fri Sep 12 13:27:24 2025.847621000 PERFORMANCE SendConfig to STAM Tid: 123 ObjId : [MSF_EQPT_HOLDER_CLASS(1500) Group(General) Slot(3) Level0(36) ]
Sep 12 13:27:24.869489 opbd[615970:616219:0:0]: phyOpb::Module            < _RegisterExternal[0xf141b758]
Sep 12 13:27:24.869586 opbd[615970:616219:0:0]: phyOpb::Module            > _AllocateTempSenseObj[0xf141b758]
Sep 12 13:27:24.869627 opbd[615970:616219:0:0]: facadeObj::phytm400enbq::Module > _GetBoardMsfObjectId[0xf141b758]
Sep 12 13:27:24.869653 opbd[615970:616219:0:0]: phyOpb::Module            > GetSlotId[0xf141b758]
Sep 12 13:27:24.869677 opbd[615970:616219:0:0]: phyOpb::Module            < GetSlotId[0xf141b758] slot: u0
Sep 12 13:27:24.869704 opbd[615970:616219:0:0]: facadeObj::phytm400enbq::Module < _GetBoardMsfObjectId[0xf141b758] [MSF_TM400ENB_EQPT_CLASS(1354) Group(General) Slot(3) ]
Sep 12 13:27:24.869730 opbd[615970:616219:0:0]: phyOpb::Module            > OpbTempSensorHardware[0xf1455f58] MSF object-ID=[MSF_TM400ENB_EQPT_CLASS(1354) Group(General) Slot(3) ]
Sep 12 13:27:24.869757 opbd[615970:616219:0:0]: phyOpb::Module            < OpbTempSensorHardware[0xf1455f58]
Sep 12 13:27:24.869909 opbd[615970:616219:0:0]: phyOpb::Module            D Allocated temperature-sensor for np0
Sep 12 13:27:24.869944 opbd[615970:616219:0:0]: phyOpb::Module            < _AllocateTempSenseObj[0xf141b758]
Sep 12 13:27:24.869963 opbd[615970:616219:0:0]: phyOpb::Module            < Init[0xf141b758]
Sep 12 13:27:24.870714 opbd[615970:616219:0:0]: phyOpb::Module            > InitAndRegistrationDone[0xf141b758]
Sep 12 13:27:24.870762 opbd[615970:616219:0:0]: phyOpb::Module            > _InitDoneHook[0xf141b758]
Sep 12 13:27:24.870792 opbd[615970:616219:0:0]: phyOpb::Module            < _InitDoneHook[0xf141b758]
Sep 12 13:27:24.870815 opbd[615970:616219:0:0]: phyOpb::Module            < InitAndRegistrationDone[0xf141b758]
Sep 12 13:27:24.892136 opbd[615970:616219:0:0]: phyOpb::Module            > StartSwapIn[0xf141b758]
Sep 12 13:27:24.892144 opbd[615970:616219:0:0]: phyOpb::Module            < StartSwapIn[0xf141b758]
Sep 12 13:27:24.902304 opbd[615970:616431:0:0]: phyOpb::Module            > StartSwapIn[0xf141b758]
Sep 12 13:27:24.902311 opbd[615970:616431:0:0]: phyOpb::Module            < StartSwapIn[0xf141b758]
Sep 12 13:27:24.902314 opbd[615970:616431:0:0]: facadeObj::phytm400enbq::Module > HasSlotOptions[0xf141b758]
Sep 12 13:27:24.902315 opbd[615970:616431:0:0]: facadeObj::phytm400enbq::Module < HasSlotOptions[0xf141b758]
Sep 12 13:27:24.902317 opbd[615970:616431:0:0]: phyOpb::Module            > SwapOutSlotOptions[0xf141b758]
Sep 12 13:27:24.906786 opbd[615970:616431:0:0]: phyOpb::Module            > GetSlotId[0xf141b758]
Sep 12 13:27:24.906794 opbd[615970:616431:0:0]: phyOpb::Module            < GetSlotId[0xf141b758] slot: u0
Sep 12 13:27:24.925641 opbd[615970:616431:0:0]: phyOpb::Module            < SwapOutSlotOptions[0xf141b758]
Sep 12 13:27:24.925657 opbd[615970:616431:0:0]: phyOpb::Module            > SwapInSlotOptions[0xf141b758]
Sep 12 13:27:24.925805 opbd[615970:616431:0:0]: phyOpb::Module            > GetSlotId[0xf141b758]
Sep 12 13:27:24.925812 opbd[615970:616431:0:0]: phyOpb::Module            < GetSlotId[0xf141b758] slot: u0
Sep 12 13:27:24.949768 opbd[615970:616219:0:0]: facadeObj::phytm400enbq::Module > SetQkdAttributes[0xf141b758]
Sep 12 13:27:24.949780 opbd[615970:616219:0:0]: facadeObj::phyOpb::QkdOptions > QkdOptions[0x5c5f0488]
Sep 12 13:27:24.949782 opbd[615970:616219:0:0]: facadeObj::phyOpb::QkdOptions < QkdOptions[0x5c5f0488]
Sep 12 13:27:24.949784 opbd[615970:616219:0:0]: phyOpb::Module            > GetSlotId[0xf141b758]
Sep 12 13:27:24.949789 opbd[615970:616219:0:0]: phyOpb::Module            < GetSlotId[0xf141b758] slot: u0
Sep 12 13:27:24.949791 opbd[615970:616219:0:0]: facadeObj::phyOpb::QkdOptions > SetQkdPackage[0x5c5f0488]
Sep 12 13:27:24.949835 opbd[615970:616219:0:0]: facadeObj::phyOpb::QkdOptions > _BePartOfTransaction[0x5c5f0488]
Sep 12 13:27:24.949838 opbd[615970:616219:0:0]: facadeObj::phyOpb::QkdOptions > _GetQkdAttrObjectId[0x5c5f0488]
Sep 12 13:27:24.949847 opbd[615970:616219:0:0]: facadeObj::phyOpb::QkdOptions < _GetQkdAttrObjectId[0x5c5f0488] [MSF_EKP_QKD_OPTIONS_CLASS(1159) Group(General) Slot(3) ]
Sep 12 13:27:24.949880 opbd[615970:616219:0:0]: facadeObj::phyOpb::QkdOptions < _BePartOfTransaction[0x5c5f0488]
Sep 12 13:27:24.949895 opbd[615970:616219:0:0]: facadeObj::phyOpb::QkdOptions > _SetQkdAttributes[0x5c5f0488]
Sep 12 13:27:24.949897 opbd[615970:616219:0:0]: facadeObj::phyOpb::QkdOptions D Reached opbd call: Run successful 1500
Sep 12 13:27:24.949899 opbd[615970:616219:0:0]: facadeObj::phyOpb::QkdOptions < _SetQkdAttributes[0x5c5f0488]
Sep 12 13:27:24.949902 opbd[615970:616219:0:0]: facadeObj::phyOpb::QkdOptions > OoSubmitChanges[0x5c5f0488]
Sep 12 13:27:24.949904 opbd[615970:616219:0:0]: facadeObj::phyOpb::QkdOptions < OoSubmitChanges[0x5c5f0488]
Sep 12 13:27:24.949926 opbd[615970:616219:0:0]: facadeObj::phyOpb::QkdOptions < SetQkdPackage[0x5c5f0488]
Sep 12 13:27:24.949928 opbd[615970:616219:0:0]: facadeObj::phytm400enbq::Module < SetQkdAttributes[0xf141b758]
Sep 12 13:27:24.960077 opbd[615970:616222:0:0]: opbd::TransactionManager  A _SendConfigurationToAm 752Fri Sep 12 13:27:24 2025.960044000 PERFORMANCE SendConfig to STAM Tid: 124 ObjId : [MSF_EKP_QKD_OPTIONS_CLASS(1159) Group(General) Slot(3) ]
Sep 12 13:27:24.968503 opbd[615970:616219:0:0]: phyOpb::Module            > GetSlotId[0xf141b758]
Sep 12 13:27:24.968515 opbd[615970:616219:0:0]: phyOpb::Module            < GetSlotId[0xf141b758] slot: u0
Sep 12 13:27:24.968740 opbd[615970:616219:0:0]: phyOpb::Module            > GetSlotId[0xf141b758]
Sep 12 13:27:24.968744 opbd[615970:616219:0:0]: phyOpb::Module            < GetSlotId[0xf141b758] slot: u0
Sep 12 13:27:24.968749 opbd[615970:616219:0:0]: phyOpb::Module            > BePartOfTransaction[0xf141b758]
Sep 12 13:27:24.968752 opbd[615970:616219:0:0]: facadeObj::phytm400enbq::Module > _GetBoardMsfObjectId[0xf141b758]
Sep 12 13:27:24.968753 opbd[615970:616219:0:0]: phyOpb::Module            > GetSlotId[0xf141b758]
Sep 12 13:27:24.968754 opbd[615970:616219:0:0]: phyOpb::Module            < GetSlotId[0xf141b758] slot: u0
Sep 12 13:27:24.968760 opbd[615970:616219:0:0]: facadeObj::phytm400enbq::Module < _GetBoardMsfObjectId[0xf141b758] [MSF_TM400ENB_EQPT_CLASS(1354) Group(General) Slot(3) ]
Sep 12 13:27:24.968765 opbd[615970:616219:0:0]: phyOpb::Module            > _GetHolderMsfObjectId[0xf141b758]
Sep 12 13:27:24.968768 opbd[615970:616219:0:0]: phyOpb::Module            < _GetHolderMsfObjectId[0xf141b758] [MSF_EQPT_HOLDER_CLASS(1500) Group(General) Slot(3) ]
Sep 12 13:27:24.968770 opbd[615970:616219:0:0]: phyOpb::Module            D holderId = [MSF_EQPT_HOLDER_CLASS(1500) Group(General) Slot(3) ]
Sep 12 13:27:24.968777 opbd[615970:616219:0:0]: phyOpb::Module            < BePartOfTransaction[0xf141b758]
Sep 12 13:27:24.968780 opbd[615970:616219:0:0]: phyOpb::Module            > OoSubmitChanges[0xf141b758]
Sep 12 13:27:24.968784 opbd[615970:616219:0:0]: phyOpb::Module            < OoSubmitChanges[0xf141b758]
Sep 12 13:27:24.969370 opbd[615970:616219:0:0]: phyOpb::Module            > GetSlotId[0xf141b758]
Sep 12 13:27:24.969376 opbd[615970:616219:0:0]: phyOpb::Module            < GetSlotId[0xf141b758] slot: u0
Sep 12 13:27:24.969381 opbd[615970:616219:0:0]: phyOpb::Module            > GetSlotId[0xf141b758]
Sep 12 13:27:24.969382 opbd[615970:616219:0:0]: phyOpb::Module            < GetSlotId[0xf141b758] slot: u0
Sep 12 13:27:24.969385 opbd[615970:616219:0:0]: phyOpb::Module            > BePartOfTransaction[0xf141b758]
Sep 12 13:27:24.969387 opbd[615970:616219:0:0]: facadeObj::phytm400enbq::Module > _GetBoardMsfObjectId[0xf141b758]
Sep 12 13:27:24.969388 opbd[615970:616219:0:0]: phyOpb::Module            > GetSlotId[0xf141b758]
Sep 12 13:27:24.969389 opbd[615970:616219:0:0]: phyOpb::Module            < GetSlotId[0xf141b758] slot: u0
Sep 12 13:27:24.969393 opbd[615970:616219:0:0]: facadeObj::phytm400enbq::Module < _GetBoardMsfObjectId[0xf141b758] [MSF_TM400ENB_EQPT_CLASS(1354) Group(General) Slot(3) ]
Sep 12 13:27:24.969397 opbd[615970:616219:0:0]: phyOpb::Module            > _GetHolderMsfObjectId[0xf141b758]
Sep 12 13:27:24.969398 opbd[615970:616219:0:0]: phyOpb::Module            < _GetHolderMsfObjectId[0xf141b758] [MSF_EQPT_HOLDER_CLASS(1500) Group(General) Slot(3) ]
Sep 12 13:27:24.969400 opbd[615970:616219:0:0]: phyOpb::Module            D holderId = [MSF_EQPT_HOLDER_CLASS(1500) Group(General) Slot(3) ]
Sep 12 13:27:24.969405 opbd[615970:616219:0:0]: phyOpb::Module            < BePartOfTransaction[0xf141b758]
Sep 12 13:27:24.969407 opbd[615970:616219:0:0]: phyOpb::Module            > OoSubmitChanges[0xf141b758]
Sep 12 13:27:24.969409 opbd[615970:616219:0:0]: phyOpb::Module            < OoSubmitChanges[0xf141b758]
Sep 12 13:27:24.969751 opbd[615970:616219:0:0]: phyOpb::Module            > GetSlotId[0xf141b758]
Sep 12 13:27:24.969757 opbd[615970:616219:0:0]: phyOpb::Module            < GetSlotId[0xf141b758] slot: u0
Sep 12 13:27:24.969762 opbd[615970:616219:0:0]: phyOpb::Module            > GetSlotId[0xf141b758]
Sep 12 13:27:24.969763 opbd[615970:616219:0:0]: phyOpb::Module            < GetSlotId[0xf141b758] slot: u0
Sep 12 13:27:24.969766 opbd[615970:616219:0:0]: phyOpb::Module            > BePartOfTransaction[0xf141b758]
Sep 12 13:27:24.969767 opbd[615970:616219:0:0]: facadeObj::phytm400enbq::Module > _GetBoardMsfObjectId[0xf141b758]
Sep 12 13:27:24.969769 opbd[615970:616219:0:0]: phyOpb::Module            > GetSlotId[0xf141b758]
Sep 12 13:27:24.969770 opbd[615970:616219:0:0]: phyOpb::Module            < GetSlotId[0xf141b758] slot: u0
Sep 12 13:27:24.969773 opbd[615970:616219:0:0]: facadeObj::phytm400enbq::Module < _GetBoardMsfObjectId[0xf141b758] [MSF_TM400ENB_EQPT_CLASS(1354) Group(General) Slot(3) ]
Sep 12 13:27:24.969781 opbd[615970:616219:0:0]: phyOpb::Module            > _GetHolderMsfObjectId[0xf141b758]
Sep 12 13:27:24.969783 opbd[615970:616219:0:0]: phyOpb::Module            < _GetHolderMsfObjectId[0xf141b758] [MSF_EQPT_HOLDER_CLASS(1500) Group(General) Slot(3) ]
Sep 12 13:27:24.969784 opbd[615970:616219:0:0]: phyOpb::Module            D holderId = [MSF_EQPT_HOLDER_CLASS(1500) Group(General) Slot(3) ]
Sep 12 13:27:24.969789 opbd[615970:616219:0:0]: phyOpb::Module            < BePartOfTransaction[0xf141b758]
Sep 12 13:27:24.969792 opbd[615970:616219:0:0]: phyOpb::Module            > OoSubmitChanges[0xf141b758]
Sep 12 13:27:24.969794 opbd[615970:616219:0:0]: phyOpb::Module            < OoSubmitChanges[0xf141b758]
Sep 12 13:27:24.974007 opbd[615970:616431:0:0]: phyOpb::Module            < SwapInSlotOptions[0xf141b758]
Sep 12 13:27:24.974024 opbd[615970:616431:0:0]: phyOpb::Module            > ConfigurePhysicalInterfaces[0xf141b758]
Sep 12 13:27:24.974026 opbd[615970:616431:0:0]: phyOpb::Module            > _ConfigurePhysicalInterfaces[0xf141b758]
Sep 12 13:27:24.974028 opbd[615970:616431:0:0]: phyOpb::Module            > GetSlotId[0xf141b758]
Sep 12 13:27:24.974030 opbd[615970:616431:0:0]: phyOpb::Module            < GetSlotId[0xf141b758] slot: u0
Sep 12 13:27:24.976195 opbd[615970:616431:0:0]: phyOpb::Module            < _ConfigurePhysicalInterfaces[0xf141b758]
Sep 12 13:27:24.976201 opbd[615970:616431:0:0]: phyOpb::Module            < ConfigurePhysicalInterfaces[0xf141b758]
Sep 12 13:27:24.976203 opbd[615970:616431:0:0]: phyOpb::Module            > FinishSwapIn[0xf141b758]
Sep 12 13:27:24.976205 opbd[615970:616431:0:0]: phyOpb::Module            < FinishSwapIn[0xf141b758]
Sep 12 13:27:24.977754 opbd[615970:616219:0:0]: phyOpb::Module            > HandleStateEvent[0xf141b758] phyOpb::HandleStateEvent with: commit begins
Sep 12 13:27:24.977831 opbd[615970:616219:0:0]: phyOpb::Module            < HandleStateEvent[0xf141b758]
Sep 12 13:27:24.979067 opbd[615970:616432:0:0]: opbd::TransactionManager  A _SendConfigurationToAm 752Fri Sep 12 13:27:24 2025.979033000 PERFORMANCE SendConfig to STAM Tid: 125 ObjId : [MSF_EQPT_HOLDER_CLASS(1500) Group(General) Slot(3) ]
Sep 12 13:27:24.979084 opbd[615970:616432:0:0]: opbd::TransactionManager  A _SendConfigurationToAm 752Fri Sep 12 13:27:24 2025.979076000 PERFORMANCE SendConfig to STAM Tid: 125 ObjId : [MSF_TM400ENB_EQPT_CLASS(1354) Group(General) Slot(3) ]
Sep 12 13:27:24.979096 opbd[615970:616432:0:0]: opbd::TransactionManager  A _SendConfigurationToAm 752Fri Sep 12 13:27:24 2025.979090000 PERFORMANCE SendConfig to STAM Tid: 125 ObjId : [MSF_CERT_MANAGER_CLASS(1143) Group(General) Slot(3) ]
Sep 12 13:27:24.979109 opbd[615970:616432:0:0]: opbd::TransactionManager  A _SendConfigurationToAm 752Fri Sep 12 13:27:24 2025.979104000 PERFORMANCE SendConfig to STAM Tid: 125 ObjId : [MSF_RANNUM_ENGINE_CLASS(1145) Group(General) Slot(3) ]
Sep 12 13:27:24.979129 opbd[615970:616432:0:0]: opbd::TransactionManager  A _SendConfigurationToAm 752Fri Sep 12 13:27:24 2025.979122000 PERFORMANCE SendConfig to STAM Tid: 126 ObjId : [MSF_EQPT_HOLDER_CLASS(1500) Group(General) Slot(3) ]
Sep 12 13:27:24.979144 opbd[615970:616432:0:0]: opbd::TransactionManager  A _SendConfigurationToAm 752Fri Sep 12 13:27:24 2025.979135000 PERFORMANCE SendConfig to STAM Tid: 126 ObjId : [MSF_TM400ENB_EQPT_CLASS(1354) Group(General) Slot(3) ]
Sep 12 13:27:24.979155 opbd[615970:616432:0:0]: opbd::TransactionManager  A _SendConfigurationToAm 752Fri Sep 12 13:27:24 2025.979150000 PERFORMANCE SendConfig to STAM Tid: 126 ObjId : [MSF_CERT_MANAGER_CLASS(1143) Group(General) Slot(3) ]
Sep 12 13:27:24.979165 opbd[615970:616432:0:0]: opbd::TransactionManager  A _SendConfigurationToAm 752Fri Sep 12 13:27:24 2025.979160000 PERFORMANCE SendConfig to STAM Tid: 126 ObjId : [MSF_RANNUM_ENGINE_CLASS(1145) Group(General) Slot(3) ]
Sep 12 13:27:24.979184 opbd[615970:616432:0:0]: opbd::TransactionManager  A _SendConfigurationToAm 752Fri Sep 12 13:27:24 2025.979179000 PERFORMANCE SendConfig to STAM Tid: 127 ObjId : [MSF_EQPT_HOLDER_CLASS(1500) Group(General) Slot(3) ]
Sep 12 13:27:24.979195 opbd[615970:616432:0:0]: opbd::TransactionManager  A _SendConfigurationToAm 752Fri Sep 12 13:27:24 2025.979189000 PERFORMANCE SendConfig to STAM Tid: 127 ObjId : [MSF_TM400ENB_EQPT_CLASS(1354) Group(General) Slot(3) ]
Sep 12 13:27:24.979205 opbd[615970:616432:0:0]: opbd::TransactionManager  A _SendConfigurationToAm 752Fri Sep 12 13:27:24 2025.979199000 PERFORMANCE SendConfig to STAM Tid: 127 ObjId : [MSF_CERT_MANAGER_CLASS(1143) Group(General) Slot(3) ]
Sep 12 13:27:24.979216 opbd[615970:616432:0:0]: opbd::TransactionManager  A _SendConfigurationToAm 752Fri Sep 12 13:27:24 2025.979210000 PERFORMANCE SendConfig to STAM Tid: 127 ObjId : [MSF_RANNUM_ENGINE_CLASS(1145) Group(General) Slot(3) ]
Sep 12 13:27:25.014920 opbd[615970:616219:0:0]: phyOpb::Module            > HandleStateEvent[0xf141b758] phyOpb::HandleStateEvent with: commit ends
Sep 12 13:27:25.015040 opbd[615970:616219:0:0]: phyOpb::Module            > _OnConfigEnd[0xf141b758]
Sep 12 13:27:25.015082 opbd[615970:616219:0:0]: phyOpb::Module            > GetSlotId[0xf141b758]
Sep 12 13:27:25.015087 opbd[615970:616219:0:0]: phyOpb::Module            < GetSlotId[0xf141b758] slot: u0
Sep 12 13:27:25.015093 opbd[615970:616219:0:0]: phyOpb::Module            > GetSlotId[0xf141b758]
Sep 12 13:27:25.015094 opbd[615970:616219:0:0]: phyOpb::Module            < GetSlotId[0xf141b758] slot: u0
Sep 12 13:27:25.015106 opbd[615970:616219:0:0]: phyOpb::Module            > BePartOfTransaction[0xf141b758]
Sep 12 13:27:25.015109 opbd[615970:616219:0:0]: facadeObj::phytm400enbq::Module > _GetBoardMsfObjectId[0xf141b758]
Sep 12 13:27:25.015110 opbd[615970:616219:0:0]: phyOpb::Module            > GetSlotId[0xf141b758]
Sep 12 13:27:25.015112 opbd[615970:616219:0:0]: phyOpb::Module            < GetSlotId[0xf141b758] slot: u0
Sep 12 13:27:25.015117 opbd[615970:616219:0:0]: facadeObj::phytm400enbq::Module < _GetBoardMsfObjectId[0xf141b758] [MSF_TM400ENB_EQPT_CLASS(1354) Group(General) Slot(3) ]
Sep 12 13:27:25.015123 opbd[615970:616219:0:0]: phyOpb::Module            > _GetHolderMsfObjectId[0xf141b758]
Sep 12 13:27:25.015125 opbd[615970:616219:0:0]: phyOpb::Module            < _GetHolderMsfObjectId[0xf141b758] [MSF_EQPT_HOLDER_CLASS(1500) Group(General) Slot(3) ]
Sep 12 13:27:25.015127 opbd[615970:616219:0:0]: phyOpb::Module            D holderId = [MSF_EQPT_HOLDER_CLASS(1500) Group(General) Slot(3) ]
Sep 12 13:27:25.015137 opbd[615970:616219:0:0]: phyOpb::Module            < BePartOfTransaction[0xf141b758]
Sep 12 13:27:25.015141 opbd[615970:616219:0:0]: phyOpb::Module            > OoSubmitChanges[0xf141b758]
Sep 12 13:27:25.015144 opbd[615970:616219:0:0]: phyOpb::Module            < OoSubmitChanges[0xf141b758]
Sep 12 13:27:25.015160 opbd[615970:616219:0:0]: phyOpb::Module            < _OnConfigEnd[0xf141b758]
Sep 12 13:27:25.015162 opbd[615970:616219:0:0]: phyOpb::Module            < HandleStateEvent[0xf141b758]
Sep 12 13:27:25.025591 opbd[615970:616427:0:0]: opbd::TransactionManager  A _SendConfigurationToAm 752Fri Sep 12 13:27:25 2025.25537000 PERFORMANCE SendConfig to STAM Tid: 128 ObjId : [MSF_EQPT_HOLDER_CLASS(1500) Group(General) Slot(3) ]
Sep 12 13:27:25.025618 opbd[615970:616427:0:0]: opbd::TransactionManager  A _SendConfigurationToAm 752Fri Sep 12 13:27:25 2025.25609000 PERFORMANCE SendConfig to STAM Tid: 128 ObjId : [MSF_TM400ENB_EQPT_CLASS(1354) Group(General) Slot(3) ]
Sep 12 13:27:25.025631 opbd[615970:616427:0:0]: opbd::TransactionManager  A _SendConfigurationToAm 752Fri Sep 12 13:27:25 2025.25623000 PERFORMANCE SendConfig to STAM Tid: 128 ObjId : [MSF_CERT_MANAGER_CLASS(1143) Group(General) Slot(3) ]
Sep 12 13:27:25.025644 opbd[615970:616427:0:0]: opbd::TransactionManager  A _SendConfigurationToAm 752Fri Sep 12 13:27:25 2025.25637000 PERFORMANCE SendConfig to STAM Tid: 128 ObjId : [MSF_RANNUM_ENGINE_CLASS(1145) Group(General) Slot(3) ]
Sep 12 13:38:40.042326 opbd[615970:616219:0:0]: opbFacade::RsmFacObj      A Ignore case of actual = 252 expected = tm400enbq-m
Sep 12 13:38:40.044582 opbd[615970:616216:0:0]: xdmam                     A AM RSM State Machine [4] : old AwaitStatus, new NotAnOpb, event NotAnOPB
^M
Sep 12 13:38:40.046678 opbd[615970:616216:0:0]: xdmam                     A AM RSM State Machine [5] : old AwaitStatus, new NotAnOpb, event NotAnOPB
^M
Sep 12 13:38:40.047903 opbd[615970:616216:0:0]: xdmam                     A AM RSM State Machine [6] : old AwaitStatus, new NotAnOpb, event NotAnOPB
^M
Sep 12 13:38:40.052572 opbd[615970:616216:0:0]: xdmam                     A AM RSM State Machine [7] : old AwaitStatus, new NotAnOpb, event NotAnOPB
^M
Sep 12 13:38:40.056238 opbd[615970:616216:0:0]: xdmam                     A AM RSM State Machine [8] : old AwaitStatus, new NotAnOpb, event NotAnOPB
^M
Sep 12 13:38:40.057768 opbd[615970:616216:0:0]: xdmam                     A AM RSM State Machine [9] : old AwaitStatus, new NotAnOpb, event NotAnOPB
^M
Sep 12 13:38:40.059696 opbd[615970:616216:0:0]: xdmam                     A AM RSM State Machine [10] : old AwaitStatus, new NotAnOpb, event NotAnOPB
^M
Sep 12 13:38:40.063684 opbd[615970:616216:0:0]: xdmam                     A AM RSM State Machine [11] : old AwaitStatus, new NotAnOpb, event NotAnOPB
^M
Sep 12 13:38:40.064548 opbd[615970:616216:0:0]: xdmam                     A AM RSM State Machine [15] : old AwaitStatus, new NotAnOpb, event NotAnOPB
^M
Sep 12 13:38:40.065525 opbd[615970:616216:0:0]: xdmam                     A AM RSM State Machine [14] : old AwaitStatus, new NotAnOpb, event NotAnOPB
^M
Sep 12 13:38:40.066629 opbd[615970:616216:0:0]: xdmam                     A AM RSM State Machine [13] : old AwaitStatus, new NotAnOpb, event NotAnOPB
^M
Sep 12 13:38:40.068208 opbd[615970:616216:0:0]: xdmam                     A AM RSM State Machine [12] : old AwaitStatus, new NotAnOpb, event NotAnOPB
^M
Sep 12 13:38:40.069765 opbd[615970:616216:0:0]: xdmam                     A AM RSM State Machine [16] : old AwaitStatus, new NotAnOpb, event NotAnOPB
^M
Sep 12 13:38:40.070628 opbd[615970:616216:0:0]: xdmam                     A AM RSM State Machine [17] : old AwaitStatus, new NotAnOpb, event NotAnOPB
^M
Sep 12 13:38:40.072122 opbd[615970:616216:0:0]: xdmam                     A AM RSM State Machine [18] : old AwaitStatus, new NotAnOpb, event NotAnOPB
^M
Sep 12 13:38:40.076137 opbd[615970:616216:0:0]: xdmam                     A AM RSM State Machine [19] : old AwaitStatus, new NotAnOpb, event NotAnOPB
^M
Sep 12 13:38:40.079401 opbd[615970:616216:0:0]: xdmam                     A AM RSM State Machine [20] : old AwaitStatus, new NotAnOpb, event NotAnOPB
^M
Sep 12 13:38:40.082461 opbd[615970:616216:0:0]: xdmam                     A AM RSM State Machine [21] : old AwaitStatus, new NotAnOpb, event NotAnOPB
^M
Sep 12 13:38:40.095969 opbd[615970:616216:0:0]: xdmam                     A AM RSM State Machine [22] : old AwaitStatus, new NotAnOpb, event NotAnOPB
^M
Sep 12 13:38:40.097340 opbd[615970:616216:0:0]: xdmam                     A AM RSM State Machine [23] : old AwaitStatus, new NotAnOpb, event NotAnOPB
^M
Sep 12 13:38:40.099453 opbd[615970:616216:0:0]: xdmam                     A AM RSM State Machine [24] : old AwaitStatus, new NotAnOpb, event NotAnOPB
^M
Sep 12 13:38:40.101350 opbd[615970:616216:0:0]: xdmam                     A AM RSM State Machine [25] : old AwaitStatus, new NotAnOpb, event NotAnOPB
^M
Sep 12 13:38:40.102770 opbd[615970:616216:0:0]: xdmam                     A AM RSM State Machine [26] : old AwaitStatus, new NotAnOpb, event NotAnOPB
^M
Sep 12 13:39:49.971672 opbd[615970:616216:0:0]: opb_am::amrsm::amrsmutl   A AmRsmInvokeAwaitStatusTimeoutHandler: retries failed, reporting card-not-responding event for PP 3
Sep 12 13:39:49.971719 opbd[615970:616216:0:0]: opb_am::amrsm::amrsmutl   A AmRsmInvokeAwaitStatusTimeoutHandler: retries failed. Sending failure RSM event for PP 3
Sep 12 13:39:49.982919 opbd[615970:616427:0:0]: pubsub::ReliablePublisher A RedundantSubscriptionManager unavailable; falling back to simple operation
Sep 12 13:39:49.983881 opbd[615970:616219:0:0]: phyOpb::Module            > SetIsCardRespondingState[0xf141b758] false
Sep 12 13:39:49.983890 opbd[615970:616219:0:0]: phyOpb::Module            > _NotifyAlarmUpdate2Slot[0xf141b758] with ProbableCause = equipmentNotResponding AdditionalInfo length = 0 IsClear = false
Sep 12 13:39:49.984575 opbd[615970:616219:0:0]: phyOpb::Module            < _NotifyAlarmUpdate2Slot[0xf141b758]
Sep 12 13:39:49.984580 opbd[615970:616219:0:0]: phyOpb::Module            D isResponding : false
Sep 12 13:39:49.984593 opbd[615970:616219:0:0]: phyOpb::Module            > _ComputeAndPropagateModuleFaultStatus[0xf141b758] SlotId: u0 CardId: tm400enbq-m
Sep 12 13:39:49.984609 opbd[615970:616219:0:0]: facadeObj::phytm400enbq::Module > _GetBoardMsfObjectId[0xf141b758]
Sep 12 13:39:49.984611 opbd[615970:616219:0:0]: phyOpb::Module            > GetSlotId[0xf141b758]
Sep 12 13:39:49.984613 opbd[615970:616219:0:0]: phyOpb::Module            < GetSlotId[0xf141b758] slot: u0
Sep 12 13:39:49.984620 opbd[615970:616219:0:0]: facadeObj::phytm400enbq::Module < _GetBoardMsfObjectId[0xf141b758] [MSF_TM400ENB_EQPT_CLASS(1354) Group(General) Slot(3) ]
Sep 12 13:39:49.984622 opbd[615970:616219:0:0]: phyOpb::Module            > IsModuleReady[0xf141b758]
Sep 12 13:39:49.984623 opbd[615970:616219:0:0]: phyOpb::Module            < IsModuleReady[0xf141b758] false
Sep 12 13:39:49.984625 opbd[615970:616219:0:0]: phyOpb::Module            > _IsEquipMatched[0xf141b758]
Sep 12 13:39:49.984626 opbd[615970:616219:0:0]: phyOpb::Module            < _IsEquipMatched[0xf141b758] true
Sep 12 13:39:49.984627 opbd[615970:616219:0:0]: phyOpb::Module            > _IsModuleBitFailureSet[0xf141b758]
Sep 12 13:39:49.984629 opbd[615970:616219:0:0]: phyOpb::Module            < _IsModuleBitFailureSet[0xf141b758] false
Sep 12 13:39:49.984630 opbd[615970:616219:0:0]: phyOpb::Module            D Module objectid: [MSF_TM400ENB_EQPT_CLASS(1354) Group(General) Slot(3) ], Module ready: false, Equip Match: true, Bit Failure: false
Sep 12 13:39:49.984633 opbd[615970:616219:0:0]: phyOpb::Module            < _ComputeAndPropagateModuleFaultStatus[0xf141b758] Avoiding ModuleFault propagation for Hemi!
Sep 12 13:39:49.984634 opbd[615970:616219:0:0]: phyOpb::Module            < SetIsCardRespondingState[0xf141b758]
